<?xml version="1.0" encoding="UTF-8"?>
<!-- Generated by org.testng.reporters.JUnitReportReporter -->
<testsuite hostname="DESKTOP-9LKMNSQ" failures="0" tests="1" name="Test.Demo" time="17.712" errors="0" timestamp="2022-06-07T22:33:52 IST" skipped="0">
  <testcase classname="Test.Demo" name="ResetWithIForgotMyUserId" time="17.712"/>
  <system-out/>
</testsuite> <!-- Test.Demo -->
