<?xml version="1.0" encoding="UTF-8"?>
<!-- Generated by org.testng.reporters.JUnitReportReporter -->
<testsuite hostname="DESKTOP-9LKMNSQ" failures="0" tests="1" name="Test.PinPageTest" time="16.692" errors="0" timestamp="2022-06-16T22:56:18 IST" skipped="0">
  <testcase classname="Test.PinPageTest" name="loginToZerodhaWithPinTest" time="16.692"/>
  <system-out/>
</testsuite> <!-- Test.PinPageTest -->
