<?xml version="1.0" encoding="UTF-8"?>
<!-- Generated by org.testng.reporters.JUnitReportReporter -->
<testsuite hostname="DESKTOP-9LKMNSQ" failures="0" tests="2" name="Test.Dataprovider" time="18.090" errors="0" timestamp="2022-06-14T12:22:35 IST" skipped="0">
  <testcase classname="Test.Dataprovider" name="GoToHomePageTest" time="6.270"/>
  <system-out/>
  <testcase classname="Test.Dataprovider" name="GoToHomePageTest" time="11.820"/>
  <system-out/>
</testsuite> <!-- Test.Dataprovider -->
