<?xml version="1.0" encoding="UTF-8"?>
<!-- Generated by org.testng.reporters.JUnitReportReporter -->
<testsuite hostname="DESKTOP-9LKMNSQ" failures="0" tests="1" name="Test.SignupPageTest" time="10.962" errors="0" timestamp="2022-06-10T23:16:35 IST" skipped="0">
  <testcase classname="Test.SignupPageTest" name="signupWithValidCredentials" time="10.962"/>
  <system-out/>
</testsuite> <!-- Test.SignupPageTest -->
