<?xml version="1.0" encoding="UTF-8"?>
<!-- Generated by org.testng.reporters.JUnitReportReporter -->
<testsuite hostname="DESKTOP-9LKMNSQ" failures="0" tests="1" name="Test.DemoTest" time="37.583" errors="0" timestamp="2022-06-14T13:54:05 IST" skipped="0">
  <testcase classname="Test.DemoTest" name="loginToZerodhaWithPinTest" time="37.583"/>
  <system-out/>
</testsuite> <!-- Test.DemoTest -->
